0 info it worked if it ends with ok
1 verbose cli [ 'C:\\Program Files\\nodejs\\node.exe',
1 verbose cli   'C:\\Program Files\\nodejs\\node_modules\\npm\\bin\\npm-cli.js',
1 verbose cli   'start' ]
2 info using npm@3.10.10
3 info using node@v6.10.1
4 verbose run-script [ 'prestart', 'start', 'poststart' ]
5 info lifecycle reveal.js@3.4.1~prestart: reveal.js@3.4.1
6 silly lifecycle reveal.js@3.4.1~prestart: no script for prestart, continuing
7 info lifecycle reveal.js@3.4.1~start: reveal.js@3.4.1
8 verbose lifecycle reveal.js@3.4.1~start: unsafe-perm in lifecycle true
9 verbose lifecycle reveal.js@3.4.1~start: PATH: C:\Program Files\nodejs\node_modules\npm\bin\node-gyp-bin;C:\Users\juanc\Desktop\conv_pages\processing-convolution\node_modules\.bin;C:\cygwin64\usr\local\bin;C:\cygwin64\bin;C:\Python27\Lib\site-packages\PyQt4;C:\Python27\Lib\site-packages\PyQt4;C:\ProgramData\Oracle\Java\javapath;C:\Windows\system32;C:\Windows;C:\Windows\System32\Wbem;C:\Windows\System32\WindowsPowerShell\v1.0;C:\Program Files (x86)\NVIDIA Corporation\PhysX\Common;C:\Program Files (x86)\Windows Live\Shared;C:\Users\juanc;C:\Program Files\Java\jdk1.8.0_102\bin;C:\Program Files\Java\jre1.8.0_102\bin;C:\Users\juanc\.dnx\bin;C:\Program Files\Microsoft DNX\Dnvm;C:\Program Files\Microsoft SQL Server\130\Tools\Binn;C:\Program Files\MATLAB\MATLAB Production Server\R2015a\runtime\win64;C:\Program Files\MATLAB\MATLAB Production Server\R2015a\bin;C:\Program Files\MATLAB\MATLAB Production Server\R2015a\polyspace\bin;C:\Python27;C:\adb;C:\WINDOWS\system32;C:\WINDOWS;C:\WINDOWS\System32\Wbem;C:\WINDOWS\System32\WindowsPowerShell\v1.0;C:\ffmpeg\bin;C:\Program Files\MySQL\MySQL Utilities 1.6;C:\Program Files\Git\cmd;C:\Program Files\nodejs;C:\Ruby23-x64\bin;C:\Users\juanc\AppData\Local\Microsoft\WindowsApps;C:\Users\juanc\AppData\Roaming\npm;C:\Program Files\nodejs;C:\Program Files\PostgreSQL\9.6\bin;C:\Program Files\PostgreSQL\9.6\lib;C:\Windows\system32;C:\Program Files\Java\jdk1.8.0_121\bin
10 verbose lifecycle reveal.js@3.4.1~start: CWD: C:\Users\juanc\Desktop\conv_pages\processing-convolution
11 silly lifecycle reveal.js@3.4.1~start: Args: [ '/d /s /c', 'grunt serve' ]
12 silly lifecycle reveal.js@3.4.1~start: Returned: code: 1  signal: null
13 info lifecycle reveal.js@3.4.1~start: Failed to exec start script
14 verbose stack Error: reveal.js@3.4.1 start: `grunt serve`
14 verbose stack Exit status 1
14 verbose stack     at EventEmitter.<anonymous> (C:\Program Files\nodejs\node_modules\npm\lib\utils\lifecycle.js:255:16)
14 verbose stack     at emitTwo (events.js:106:13)
14 verbose stack     at EventEmitter.emit (events.js:191:7)
14 verbose stack     at ChildProcess.<anonymous> (C:\Program Files\nodejs\node_modules\npm\lib\utils\spawn.js:40:14)
14 verbose stack     at emitTwo (events.js:106:13)
14 verbose stack     at ChildProcess.emit (events.js:191:7)
14 verbose stack     at maybeClose (internal/child_process.js:886:16)
14 verbose stack     at Process.ChildProcess._handle.onexit (internal/child_process.js:226:5)
15 verbose pkgid reveal.js@3.4.1
16 verbose cwd C:\Users\juanc\Desktop\conv_pages\processing-convolution
17 error Windows_NT 10.0.14393
18 error argv "C:\\Program Files\\nodejs\\node.exe" "C:\\Program Files\\nodejs\\node_modules\\npm\\bin\\npm-cli.js" "start"
19 error node v6.10.1
20 error npm  v3.10.10
21 error code ELIFECYCLE
22 error reveal.js@3.4.1 start: `grunt serve`
22 error Exit status 1
23 error Failed at the reveal.js@3.4.1 start script 'grunt serve'.
23 error Make sure you have the latest version of node.js and npm installed.
23 error If you do, this is most likely a problem with the reveal.js package,
23 error not with npm itself.
23 error Tell the author that this fails on your system:
23 error     grunt serve
23 error You can get information on how to open an issue for this project with:
23 error     npm bugs reveal.js
23 error Or if that isn't available, you can get their info via:
23 error     npm owner ls reveal.js
23 error There is likely additional logging output above.
24 verbose exit [ 1, true ]
